BowlingAlley/Library/Bee/Android/Prj/Mono2x/Gradle/launcher/build/intermediates/manifest_merge_blame_file/debug/manifest-merger-blame-debug-report.txt
1<?xml version="1.0" encoding="utf-8"?>
2<manifest xmlns:android="http://schemas.android.com/apk/res/android"
3    package="com.dom.miniHoth.Meteorite"
4    android:installLocation="preferExternal"
5    android:versionCode="1"
6    android:versionName="1.0" >
7
8    <uses-sdk
9        android:minSdkVersion="29"
9-->src\main\AndroidManifest.xml
10        android:targetSdkVersion="29" />
10-->src\main\AndroidManifest.xml
11
12    <supports-screens
12-->src\main\AndroidManifest.xml:4:3-163
13        android:anyDensity="true"
13-->src\main\AndroidManifest.xml:4:135-160
14        android:largeScreens="true"
14-->src\main\AndroidManifest.xml:4:78-105
15        android:normalScreens="true"
15-->src\main\AndroidManifest.xml:4:49-77
16        android:smallScreens="true"
16-->src\main\AndroidManifest.xml:4:21-48
17        android:xlargeScreens="true" />
17-->src\main\AndroidManifest.xml:4:106-134
18
19    <uses-permission android:name="android.permission.INTERNET" />
19-->[:unityLibrary] AndroidManifest.xml:10:5-67
19-->[:unityLibrary] AndroidManifest.xml:10:22-64
20
21    <uses-feature android:glEsVersion="0x00030000" />
21-->[:unityLibrary] AndroidManifest.xml:12:5-54
21-->[:unityLibrary] AndroidManifest.xml:12:19-51
22    <uses-feature
22-->[:unityLibrary] AndroidManifest.xml:13:5-15:36
23        android:name="android.hardware.touchscreen"
23-->[:unityLibrary] AndroidManifest.xml:14:9-52
24        android:required="false" />
24-->[:unityLibrary] AndroidManifest.xml:15:9-33
25    <uses-feature
25-->[:unityLibrary] AndroidManifest.xml:16:5-18:36
26        android:name="android.hardware.touchscreen.multitouch"
26-->[:unityLibrary] AndroidManifest.xml:17:9-63
27        android:required="false" />
27-->[:unityLibrary] AndroidManifest.xml:18:9-33
28    <uses-feature
28-->[:unityLibrary] AndroidManifest.xml:19:5-21:36
29        android:name="android.hardware.touchscreen.multitouch.distinct"
29-->[:unityLibrary] AndroidManifest.xml:20:9-72
30        android:required="false" />
30-->[:unityLibrary] AndroidManifest.xml:21:9-33
31
32    <application
32-->src\main\AndroidManifest.xml:3:3-121
33        android:banner="@drawable/app_banner"
33-->src\main\AndroidManifest.xml:3:81-118
34        android:debuggable="true"
35        android:extractNativeLibs="true"
35-->[:unityLibrary] AndroidManifest.xml:24:9-41
36        android:icon="@mipmap/app_icon"
36-->src\main\AndroidManifest.xml:3:49-80
37        android:isGame="true"
37-->[:unityLibrary] AndroidManifest.xml:25:9-30
38        android:label="@string/app_name" >
38-->src\main\AndroidManifest.xml:3:16-48
39        <meta-data
39-->[:unityLibrary] AndroidManifest.xml:26:9-28:33
40            android:name="unity.splash-mode"
40-->[:unityLibrary] AndroidManifest.xml:27:13-45
41            android:value="0" />
41-->[:unityLibrary] AndroidManifest.xml:28:13-30
42        <meta-data
42-->[:unityLibrary] AndroidManifest.xml:29:9-31:36
43            android:name="unity.splash-enable"
43-->[:unityLibrary] AndroidManifest.xml:30:13-47
44            android:value="True" />
44-->[:unityLibrary] AndroidManifest.xml:31:13-33
45        <meta-data
45-->[:unityLibrary] AndroidManifest.xml:32:9-34:36
46            android:name="unity.launch-fullscreen"
46-->[:unityLibrary] AndroidManifest.xml:33:13-51
47            android:value="True" />
47-->[:unityLibrary] AndroidManifest.xml:34:13-33
48        <meta-data
48-->[:unityLibrary] AndroidManifest.xml:35:9-37:50
49            android:name="notch.config"
49-->[:unityLibrary] AndroidManifest.xml:36:13-40
50            android:value="portrait|landscape" />
50-->[:unityLibrary] AndroidManifest.xml:37:13-47
51        <meta-data
51-->[:unityLibrary] AndroidManifest.xml:38:9-40:36
52            android:name="unity.auto-report-fully-drawn"
52-->[:unityLibrary] AndroidManifest.xml:39:13-57
53            android:value="true" />
53-->[:unityLibrary] AndroidManifest.xml:40:13-33
54
55        <activity
55-->[:unityLibrary] AndroidManifest.xml:42:9-63:20
56            android:name="com.unity3d.player.UnityPlayerActivity"
56-->[:unityLibrary] AndroidManifest.xml:43:13-66
57            android:configChanges="mcc|mnc|locale|touchscreen|keyboard|keyboardHidden|navigation|orientation|screenLayout|uiMode|screenSize|smallestScreenSize|fontScale|layoutDirection|density"
57-->[:unityLibrary] AndroidManifest.xml:44:13-194
58            android:hardwareAccelerated="false"
58-->[:unityLibrary] AndroidManifest.xml:45:13-48
59            android:launchMode="singleTask"
59-->[:unityLibrary] AndroidManifest.xml:46:13-44
60            android:resizeableActivity="false"
60-->[:unityLibrary] AndroidManifest.xml:47:13-47
61            android:screenOrientation="fullUser"
61-->[:unityLibrary] AndroidManifest.xml:48:13-49
62            android:theme="@style/UnityThemeSelector" >
62-->[:unityLibrary] AndroidManifest.xml:49:13-54
63            <intent-filter>
63-->[:unityLibrary] AndroidManifest.xml:50:13-55:29
64                <category android:name="android.intent.category.LAUNCHER" />
64-->[:unityLibrary] AndroidManifest.xml:51:17-77
64-->[:unityLibrary] AndroidManifest.xml:51:27-74
65                <category android:name="android.intent.category.LEANBACK_LAUNCHER" />
65-->[:unityLibrary] AndroidManifest.xml:52:17-86
65-->[:unityLibrary] AndroidManifest.xml:52:27-83
66
67                <action android:name="android.intent.action.MAIN" />
67-->[:unityLibrary] AndroidManifest.xml:54:17-69
67-->[:unityLibrary] AndroidManifest.xml:54:25-66
68            </intent-filter>
69
70            <meta-data
70-->[:unityLibrary] AndroidManifest.xml:57:13-59:40
71                android:name="unityplayer.UnityActivity"
71-->[:unityLibrary] AndroidManifest.xml:58:17-57
72                android:value="true" />
72-->[:unityLibrary] AndroidManifest.xml:59:17-37
73            <meta-data
73-->[:unityLibrary] AndroidManifest.xml:60:13-62:40
74                android:name="notch_support"
74-->[:unityLibrary] AndroidManifest.xml:61:17-45
75                android:value="true" />
75-->[:unityLibrary] AndroidManifest.xml:62:17-37
76        </activity>
77    </application>
78
79</manifest>